<?xml version="1.0" encoding="UTF-8"?>
<testng-results ignored="0" total="9" passed="9" failed="0" skipped="0">
  <reporter-output>
  </reporter-output>
  <suite started-at="2024-07-16T17:48:51 GMT" name="vendor-portal" finished-at="2024-07-16T17:49:00 GMT" duration-ms="8664">
    <groups>
    </groups>
    <test started-at="2024-07-16T17:48:51 GMT" name="user-mike" finished-at="2024-07-16T17:48:59 GMT" duration-ms="7696">
      <class name="com.docker.tests.vendorportal.VendorPortalTest">
        <test-method is-config="true" signature="setDriver(org.testng.ITestContext)[pri:0, instance:com.docker.tests.vendorportal.VendorPortalTest@147a5d08]" started-at="2024-07-16T17:48:51 GMT" name="setDriver" finished-at="2024-07-16T17:48:52 GMT" duration-ms="966" status="PASS">
          <params>
            <param index="0">
              <value>
                <![CDATA[org.testng.TestRunner@61544ae6]]>
              </value>
            </param>
          </params>
          <reporter-output>
          </reporter-output>
        </test-method> <!-- setDriver -->
        <test-method is-config="true" signature="setPageObjects(java.lang.String)[pri:0, instance:com.docker.tests.vendorportal.VendorPortalTest@147a5d08]" started-at="2024-07-16T17:48:52 GMT" name="setPageObjects" finished-at="2024-07-16T17:48:52 GMT" depends-on-methods="com.docker.tests.AbstractTest.setDriver" duration-ms="117" status="PASS">
          <params>
            <param index="0">
              <value>
                <![CDATA[test-data/vendor-portal/mike.json]]>
              </value>
            </param>
          </params>
          <reporter-output>
          </reporter-output>
        </test-method> <!-- setPageObjects -->
        <test-method signature="loginTest()[pri:0, instance:com.docker.tests.vendorportal.VendorPortalTest@147a5d08]" started-at="2024-07-16T17:48:52 GMT" name="loginTest" finished-at="2024-07-16T17:48:53 GMT" duration-ms="1299" status="PASS">
          <reporter-output>
          </reporter-output>
        </test-method> <!-- loginTest -->
        <test-method signature="dashboardTest()[pri:0, instance:com.docker.tests.vendorportal.VendorPortalTest@147a5d08]" started-at="2024-07-16T17:48:53 GMT" name="dashboardTest" finished-at="2024-07-16T17:48:57 GMT" depends-on-methods="com.docker.tests.vendorportal.VendorPortalTest.loginTest" duration-ms="3827" status="PASS">
          <reporter-output>
          </reporter-output>
        </test-method> <!-- dashboardTest -->
        <test-method signature="logoutTest()[pri:0, instance:com.docker.tests.vendorportal.VendorPortalTest@147a5d08]" started-at="2024-07-16T17:48:57 GMT" name="logoutTest" finished-at="2024-07-16T17:48:59 GMT" depends-on-methods="com.docker.tests.vendorportal.VendorPortalTest.dashboardTest" duration-ms="1392" status="PASS">
          <reporter-output>
          </reporter-output>
        </test-method> <!-- logoutTest -->
        <test-method is-config="true" signature="quitDriver()[pri:0, instance:com.docker.tests.vendorportal.VendorPortalTest@147a5d08]" started-at="2024-07-16T17:48:59 GMT" name="quitDriver" finished-at="2024-07-16T17:48:59 GMT" duration-ms="77" status="PASS">
          <reporter-output>
          </reporter-output>
        </test-method> <!-- quitDriver -->
      </class> <!-- com.docker.tests.vendorportal.VendorPortalTest -->
    </test> <!-- user-mike -->
    <test started-at="2024-07-16T17:48:51 GMT" name="user-john" finished-at="2024-07-16T17:48:59 GMT" duration-ms="7918">
      <class name="com.docker.tests.vendorportal.VendorPortalTest">
        <test-method is-config="true" signature="setupConfig()[pri:0, instance:com.docker.tests.vendorportal.VendorPortalTest@7cbd9d24]" started-at="2024-07-16T17:48:51 GMT" name="setupConfig" finished-at="2024-07-16T17:48:51 GMT" duration-ms="5" status="PASS">
          <reporter-output>
          </reporter-output>
        </test-method> <!-- setupConfig -->
        <test-method is-config="true" signature="setDriver(org.testng.ITestContext)[pri:0, instance:com.docker.tests.vendorportal.VendorPortalTest@7cbd9d24]" started-at="2024-07-16T17:48:51 GMT" name="setDriver" finished-at="2024-07-16T17:48:52 GMT" duration-ms="963" status="PASS">
          <params>
            <param index="0">
              <value>
                <![CDATA[org.testng.TestRunner@4b41dd5c]]>
              </value>
            </param>
          </params>
          <reporter-output>
          </reporter-output>
        </test-method> <!-- setDriver -->
        <test-method is-config="true" signature="setPageObjects(java.lang.String)[pri:0, instance:com.docker.tests.vendorportal.VendorPortalTest@7cbd9d24]" started-at="2024-07-16T17:48:52 GMT" name="setPageObjects" finished-at="2024-07-16T17:48:52 GMT" depends-on-methods="com.docker.tests.AbstractTest.setDriver" duration-ms="121" status="PASS">
          <params>
            <param index="0">
              <value>
                <![CDATA[test-data/vendor-portal/john.json]]>
              </value>
            </param>
          </params>
          <reporter-output>
          </reporter-output>
        </test-method> <!-- setPageObjects -->
        <test-method signature="loginTest()[pri:0, instance:com.docker.tests.vendorportal.VendorPortalTest@7cbd9d24]" started-at="2024-07-16T17:48:52 GMT" name="loginTest" finished-at="2024-07-16T17:48:53 GMT" duration-ms="1298" status="PASS">
          <reporter-output>
          </reporter-output>
        </test-method> <!-- loginTest -->
        <test-method signature="dashboardTest()[pri:0, instance:com.docker.tests.vendorportal.VendorPortalTest@7cbd9d24]" started-at="2024-07-16T17:48:53 GMT" name="dashboardTest" finished-at="2024-07-16T17:48:57 GMT" depends-on-methods="com.docker.tests.vendorportal.VendorPortalTest.loginTest" duration-ms="3966" status="PASS">
          <reporter-output>
          </reporter-output>
        </test-method> <!-- dashboardTest -->
        <test-method signature="logoutTest()[pri:0, instance:com.docker.tests.vendorportal.VendorPortalTest@7cbd9d24]" started-at="2024-07-16T17:48:57 GMT" name="logoutTest" finished-at="2024-07-16T17:48:59 GMT" depends-on-methods="com.docker.tests.vendorportal.VendorPortalTest.dashboardTest" duration-ms="1476" status="PASS">
          <reporter-output>
          </reporter-output>
        </test-method> <!-- logoutTest -->
        <test-method is-config="true" signature="quitDriver()[pri:0, instance:com.docker.tests.vendorportal.VendorPortalTest@7cbd9d24]" started-at="2024-07-16T17:48:59 GMT" name="quitDriver" finished-at="2024-07-16T17:48:59 GMT" duration-ms="80" status="PASS">
          <reporter-output>
          </reporter-output>
        </test-method> <!-- quitDriver -->
      </class> <!-- com.docker.tests.vendorportal.VendorPortalTest -->
    </test> <!-- user-john -->
    <test started-at="2024-07-16T17:48:51 GMT" name="user-sam" finished-at="2024-07-16T17:49:00 GMT" duration-ms="8664">
      <class name="com.docker.tests.vendorportal.VendorPortalTest">
        <test-method is-config="true" signature="setDriver(org.testng.ITestContext)[pri:0, instance:com.docker.tests.vendorportal.VendorPortalTest@46271dd6]" started-at="2024-07-16T17:48:51 GMT" name="setDriver" finished-at="2024-07-16T17:48:52 GMT" duration-ms="964" status="PASS">
          <params>
            <param index="0">
              <value>
                <![CDATA[org.testng.TestRunner@a3d9978]]>
              </value>
            </param>
          </params>
          <reporter-output>
          </reporter-output>
        </test-method> <!-- setDriver -->
        <test-method is-config="true" signature="setPageObjects(java.lang.String)[pri:0, instance:com.docker.tests.vendorportal.VendorPortalTest@46271dd6]" started-at="2024-07-16T17:48:52 GMT" name="setPageObjects" finished-at="2024-07-16T17:48:52 GMT" depends-on-methods="com.docker.tests.AbstractTest.setDriver" duration-ms="120" status="PASS">
          <params>
            <param index="0">
              <value>
                <![CDATA[test-data/vendor-portal/sam.json]]>
              </value>
            </param>
          </params>
          <reporter-output>
          </reporter-output>
        </test-method> <!-- setPageObjects -->
        <test-method signature="loginTest()[pri:0, instance:com.docker.tests.vendorportal.VendorPortalTest@46271dd6]" started-at="2024-07-16T17:48:52 GMT" name="loginTest" finished-at="2024-07-16T17:48:53 GMT" duration-ms="1304" status="PASS">
          <reporter-output>
          </reporter-output>
        </test-method> <!-- loginTest -->
        <test-method signature="dashboardTest()[pri:0, instance:com.docker.tests.vendorportal.VendorPortalTest@46271dd6]" started-at="2024-07-16T17:48:53 GMT" name="dashboardTest" finished-at="2024-07-16T17:48:58 GMT" depends-on-methods="com.docker.tests.vendorportal.VendorPortalTest.loginTest" duration-ms="4676" status="PASS">
          <reporter-output>
          </reporter-output>
        </test-method> <!-- dashboardTest -->
        <test-method signature="logoutTest()[pri:0, instance:com.docker.tests.vendorportal.VendorPortalTest@46271dd6]" started-at="2024-07-16T17:48:58 GMT" name="logoutTest" finished-at="2024-07-16T17:49:00 GMT" depends-on-methods="com.docker.tests.vendorportal.VendorPortalTest.dashboardTest" duration-ms="1511" status="PASS">
          <reporter-output>
          </reporter-output>
        </test-method> <!-- logoutTest -->
        <test-method is-config="true" signature="quitDriver()[pri:0, instance:com.docker.tests.vendorportal.VendorPortalTest@46271dd6]" started-at="2024-07-16T17:49:00 GMT" name="quitDriver" finished-at="2024-07-16T17:49:00 GMT" duration-ms="76" status="PASS">
          <reporter-output>
          </reporter-output>
        </test-method> <!-- quitDriver -->
      </class> <!-- com.docker.tests.vendorportal.VendorPortalTest -->
    </test> <!-- user-sam -->
  </suite> <!-- vendor-portal -->
</testng-results>
